# JRE version: OpenJDK Runtime Environment Temurin-21.0.9+10 (21.0.9+10) (build 21.0.9+10-LTS)
# Java VM: OpenJDK 64-Bit Server VM Temurin-21.0.9+10 (21.0.9+10-LTS, mixed mode, sharing, tiered, compressed oops, compressed class ptrs, parallel gc, windows-amd64)
GC Precious Log:
 CardTable entry size: 512
 CPUs: 8 total, 8 available
 Memory: 6021M
 Large Page Support: Disabled
 NUMA Support: Disabled
 Compressed Oops: Enabled (32-bit)
 Alignments: Space 512K, Generation 512K, Heap 2M
 Heap Min Capacity: 100M
 Heap Initial Capacity: 100M
 Heap Max Capacity: 2G
 Pre-touch: Disabled
 Parallel Workers: 8
Heap:
 PSYoungGen      total 19456K, used 8009K [0x00000000d5580000, 0x00000000d7500000, 0x0000000100000000)
  eden space 8704K, 41% used [0x00000000d5580000,0x00000000d59052d0,0x00000000d5e00000)
  from space 10752K, 40% used [0x00000000d6400000,0x00000000d684d240,0x00000000d6e80000)
  to   space 5632K, 0% used [0x00000000d6f80000,0x00000000d6f80000,0x00000000d7500000)
 ParOldGen       total 1004544K, used 1004389K [0x0000000080000000, 0x00000000bd500000, 0x00000000d5580000)
  object space 1004544K, 99% used [0x0000000080000000,0x00000000bd4d9730,0x00000000bd500000)
 Metaspace       used 88985K, committed 90880K, reserved 1179648K
  class space    used 9179K, committed 10048K, reserved 1048576K
GC Heap History (20 events):
Event: 6257.950 GC heap before
{Heap before GC invocations=2312 (full 5):
 PSYoungGen      total 8192K, used 8186K [0x00000000d5580000, 0x00000000d6980000, 0x0000000100000000)
  eden space 3072K, 100% used [0x00000000d5580000,0x00000000d5880000,0x00000000d5880000)
  from space 5120K, 99% used [0x00000000d5880000,0x00000000d5d7e900,0x00000000d5d80000)
  to   space 8192K, 0% used [0x00000000d6180000,0x00000000d6180000,0x00000000d6980000)
 ParOldGen       total 912384K, used 912063K [0x0000000080000000, 0x00000000b7b00000, 0x00000000d5580000)
  object space 912384K, 99% used [0x0000000080000000,0x00000000b7aafd40,0x00000000b7b00000)
 Metaspace       used 88933K, committed 90816K, reserved 1179648K
  class space    used 9178K, committed 10048K, reserved 1048576K
}
Event: 6257.959 GC heap after
{Heap after GC invocations=2312 (full 5):
 PSYoungGen      total 11776K, used 8000K [0x00000000d5580000, 0x00000000d6a80000, 0x0000000100000000)
  eden space 3584K, 0% used [0x00000000d5580000,0x00000000d5580000,0x00000000d5900000)
  from space 8192K, 97% used [0x00000000d6180000,0x00000000d6950000,0x00000000d6980000)
  to   space 8704K, 0% used [0x00000000d5900000,0x00000000d5900000,0x00000000d6180000)
 ParOldGen       total 912384K, used 912371K [0x0000000080000000, 0x00000000b7b00000, 0x00000000d5580000)
  object space 912384K, 99% used [0x0000000080000000,0x00000000b7afcf40,0x00000000b7b00000)
 Metaspace       used 88933K, committed 90816K, reserved 1179648K
  class space    used 9178K, committed 10048K, reserved 1048576K
}
Event: 6257.970 GC heap before
{Heap before GC invocations=2313 (full 5):
 PSYoungGen      total 11776K, used 11584K [0x00000000d5580000, 0x00000000d6a80000, 0x0000000100000000)
  eden space 3584K, 100% used [0x00000000d5580000,0x00000000d5900000,0x00000000d5900000)
  from space 8192K, 97% used [0x00000000d6180000,0x00000000d6950000,0x00000000d6980000)
  to   space 8704K, 0% used [0x00000000d5900000,0x00000000d5900000,0x00000000d6180000)
 ParOldGen       total 912384K, used 912371K [0x0000000080000000, 0x00000000b7b00000, 0x00000000d5580000)
  object space 912384K, 99% used [0x0000000080000000,0x00000000b7afcf40,0x00000000b7b00000)
 Metaspace       used 88933K, committed 90816K, reserved 1179648K
  class space    used 9178K, committed 10048K, reserved 1048576K
}
Event: 6257.980 GC heap after
{Heap after GC invocations=2313 (full 5):
 PSYoungGen      total 12288K, used 8704K [0x00000000d5580000, 0x00000000d7200000, 0x0000000100000000)
  eden space 3584K, 0% used [0x00000000d5580000,0x00000000d5580000,0x00000000d5900000)
  from space 8704K, 100% used [0x00000000d5900000,0x00000000d6180000,0x00000000d6180000)
  to   space 12288K, 0% used [0x00000000d6600000,0x00000000d6600000,0x00000000d7200000)
 ParOldGen       total 915456K, used 915163K [0x0000000080000000, 0x00000000b7e00000, 0x00000000d5580000)
  object space 915456K, 99% used [0x0000000080000000,0x00000000b7db6f40,0x00000000b7e00000)
 Metaspace       used 88933K, committed 90816K, reserved 1179648K
  class space    used 9178K, committed 10048K, reserved 1048576K
}
Event: 6257.998 GC heap before
{Heap before GC invocations=2314 (full 5):
 PSYoungGen      total 12288K, used 12288K [0x00000000d5580000, 0x00000000d7200000, 0x0000000100000000)
  eden space 3584K, 100% used [0x00000000d5580000,0x00000000d5900000,0x00000000d5900000)
  from space 8704K, 100% used [0x00000000d5900000,0x00000000d6180000,0x00000000d6180000)
  to   space 12288K, 0% used [0x00000000d6600000,0x00000000d6600000,0x00000000d7200000)
 ParOldGen       total 915456K, used 915163K [0x0000000080000000, 0x00000000b7e00000, 0x00000000d5580000)
  object space 915456K, 99% used [0x0000000080000000,0x00000000b7db6f40,0x00000000b7e00000)
 Metaspace       used 88933K, committed 90816K, reserved 1179648K
  class space    used 9178K, committed 10048K, reserved 1048576K
}
Event: 6258.007 GC heap after
{Heap after GC invocations=2314 (full 5):
 PSYoungGen      total 16896K, used 11684K [0x00000000d5580000, 0x00000000d7200000, 0x0000000100000000)
  eden space 4608K, 0% used [0x00000000d5580000,0x00000000d5580000,0x00000000d5a00000)
  from space 12288K, 95% used [0x00000000d6600000,0x00000000d7169000,0x00000000d7200000)
  to   space 12288K, 0% used [0x00000000d5a00000,0x00000000d5a00000,0x00000000d6600000)
 ParOldGen       total 915456K, used 915171K [0x0000000080000000, 0x00000000b7e00000, 0x00000000d5580000)
  object space 915456K, 99% used [0x0000000080000000,0x00000000b7db8f40,0x00000000b7e00000)
 Metaspace       used 88933K, committed 90816K, reserved 1179648K
  class space    used 9178K, committed 10048K, reserved 1048576K
}
Event: 6258.059 GC heap before
{Heap before GC invocations=2315 (full 5):
 PSYoungGen      total 16896K, used 15628K [0x00000000d5580000, 0x00000000d7200000, 0x0000000100000000)
  eden space 4608K, 85% used [0x00000000d5580000,0x00000000d595a120,0x00000000d5a00000)
  from space 12288K, 95% used [0x00000000d6600000,0x00000000d7169000,0x00000000d7200000)
  to   space 12288K, 0% used [0x00000000d5a00000,0x00000000d5a00000,0x00000000d6600000)
 ParOldGen       total 915456K, used 915171K [0x0000000080000000, 0x00000000b7e00000, 0x00000000d5580000)
  object space 915456K, 99% used [0x0000000080000000,0x00000000b7db8f40,0x00000000b7e00000)
 Metaspace       used 88933K, committed 90816K, reserved 1179648K
  class space    used 9178K, committed 10048K, reserved 1048576K
}
Event: 6258.069 GC heap after
{Heap after GC invocations=2315 (full 5):
 PSYoungGen      total 16896K, used 12264K [0x00000000d5580000, 0x00000000d7700000, 0x0000000100000000)
  eden space 4608K, 0% used [0x00000000d5580000,0x00000000d5580000,0x00000000d5a00000)
  from space 12288K, 99% used [0x00000000d5a00000,0x00000000d65fa000,0x00000000d6600000)
  to   space 14336K, 0% used [0x00000000d6900000,0x00000000d6900000,0x00000000d7700000)
 ParOldGen       total 916992K, used 916827K [0x0000000080000000, 0x00000000b7f80000, 0x00000000d5580000)
  object space 916992K, 99% used [0x0000000080000000,0x00000000b7f56f40,0x00000000b7f80000)
 Metaspace       used 88933K, committed 90816K, reserved 1179648K
  class space    used 9178K, committed 10048K, reserved 1048576K
}
Event: 6258.259 GC heap before
{Heap before GC invocations=2316 (full 5):
 PSYoungGen      total 16896K, used 16526K [0x00000000d5580000, 0x00000000d7700000, 0x0000000100000000)
  eden space 4608K, 92% used [0x00000000d5580000,0x00000000d59a98f0,0x00000000d5a00000)
  from space 12288K, 99% used [0x00000000d5a00000,0x00000000d65fa000,0x00000000d6600000)
  to   space 14336K, 0% used [0x00000000d6900000,0x00000000d6900000,0x00000000d7700000)
 ParOldGen       total 916992K, used 916827K [0x0000000080000000, 0x00000000b7f80000, 0x00000000d5580000)
  object space 916992K, 99% used [0x0000000080000000,0x00000000b7f56f40,0x00000000b7f80000)
 Metaspace       used 88933K, committed 90816K, reserved 1179648K
  class space    used 9178K, committed 10048K, reserved 1048576K
}
Event: 6258.270 GC heap after
{Heap after GC invocations=2316 (full 5):
 PSYoungGen      total 18944K, used 12847K [0x00000000d5580000, 0x00000000d7600000, 0x0000000100000000)
  eden space 5632K, 0% used [0x00000000d5580000,0x00000000d5580000,0x00000000d5b00000)
  from space 13312K, 96% used [0x00000000d6900000,0x00000000d758bd80,0x00000000d7600000)
  to   space 13312K, 0% used [0x00000000d5c00000,0x00000000d5c00000,0x00000000d6900000)
 ParOldGen       total 920064K, used 920051K [0x0000000080000000, 0x00000000b8280000, 0x00000000d5580000)
  object space 920064K, 99% used [0x0000000080000000,0x00000000b827cf40,0x00000000b8280000)
 Metaspace       used 88933K, committed 90816K, reserved 1179648K
  class space    used 9178K, committed 10048K, reserved 1048576K
}
Event: 6258.297 GC heap before
{Heap before GC invocations=2317 (full 5):
 PSYoungGen      total 18944K, used 18479K [0x00000000d5580000, 0x00000000d7600000, 0x0000000100000000)
  eden space 5632K, 100% used [0x00000000d5580000,0x00000000d5b00000,0x00000000d5b00000)
  from space 13312K, 96% used [0x00000000d6900000,0x00000000d758bd80,0x00000000d7600000)
  to   space 13312K, 0% used [0x00000000d5c00000,0x00000000d5c00000,0x00000000d6900000)
 ParOldGen       total 920064K, used 920051K [0x0000000080000000, 0x00000000b8280000, 0x00000000d5580000)
  object space 920064K, 99% used [0x0000000080000000,0x00000000b827cf40,0x00000000b8280000)
 Metaspace       used 88933K, committed 90816K, reserved 1179648K
  class space    used 9178K, committed 10048K, reserved 1048576K
}
Event: 6258.309 GC heap after
{Heap after GC invocations=2317 (full 5):
 PSYoungGen      total 19968K, used 13297K [0x00000000d5580000, 0x00000000d7f00000, 0x0000000100000000)
  eden space 6656K, 0% used [0x00000000d5580000,0x00000000d5580000,0x00000000d5c00000)
  from space 13312K, 99% used [0x00000000d5c00000,0x00000000d68fc6f0,0x00000000d6900000)
  to   space 17920K, 0% used [0x00000000d6d80000,0x00000000d6d80000,0x00000000d7f00000)
 ParOldGen       total 924160K, used 923811K [0x0000000080000000, 0x00000000b8680000, 0x00000000d5580000)
  object space 924160K, 99% used [0x0000000080000000,0x00000000b8628f40,0x00000000b8680000)
 Metaspace       used 88933K, committed 90816K, reserved 1179648K
  class space    used 9178K, committed 10048K, reserved 1048576K
}
Event: 6258.326 GC heap before
{Heap before GC invocations=2318 (full 5):
 PSYoungGen      total 19968K, used 19953K [0x00000000d5580000, 0x00000000d7f00000, 0x0000000100000000)
  eden space 6656K, 100% used [0x00000000d5580000,0x00000000d5c00000,0x00000000d5c00000)
  from space 13312K, 99% used [0x00000000d5c00000,0x00000000d68fc6f0,0x00000000d6900000)
  to   space 17920K, 0% used [0x00000000d6d80000,0x00000000d6d80000,0x00000000d7f00000)
 ParOldGen       total 924160K, used 923811K [0x0000000080000000, 0x00000000b8680000, 0x00000000d5580000)
  object space 924160K, 99% used [0x0000000080000000,0x00000000b8628f40,0x00000000b8680000)
 Metaspace       used 88933K, committed 90816K, reserved 1179648K
  class space    used 9178K, committed 10048K, reserved 1048576K
}
Event: 6258.339 GC heap after
{Heap after GC invocations=2318 (full 5):
 PSYoungGen      total 23552K, used 15652K [0x00000000d5580000, 0x00000000d7d00000, 0x0000000100000000)
  eden space 7680K, 0% used [0x00000000d5580000,0x00000000d5580000,0x00000000d5d00000)
  from space 15872K, 98% used [0x00000000d6d80000,0x00000000d7cc9098,0x00000000d7d00000)
  to   space 16384K, 0% used [0x00000000d5d00000,0x00000000d5d00000,0x00000000d6d00000)
 ParOldGen       total 928768K, used 928283K [0x0000000080000000, 0x00000000b8b00000, 0x00000000d5580000)
  object space 928768K, 99% used [0x0000000080000000,0x00000000b8a86f40,0x00000000b8b00000)
 Metaspace       used 88933K, committed 90816K, reserved 1179648K
  class space    used 9178K, committed 10048K, reserved 1048576K
}
Event: 6258.421 GC heap before
{Heap before GC invocations=2319 (full 5):
 PSYoungGen      total 23552K, used 23226K [0x00000000d5580000, 0x00000000d7d00000, 0x0000000100000000)
  eden space 7680K, 98% used [0x00000000d5580000,0x00000000d5ce5948,0x00000000d5d00000)
  from space 15872K, 98% used [0x00000000d6d80000,0x00000000d7cc9098,0x00000000d7d00000)
  to   space 16384K, 0% used [0x00000000d5d00000,0x00000000d5d00000,0x00000000d6d00000)
 ParOldGen       total 928768K, used 928283K [0x0000000080000000, 0x00000000b8b00000, 0x00000000d5580000)
  object space 928768K, 99% used [0x0000000080000000,0x00000000b8a86f40,0x00000000b8b00000)
 Metaspace       used 88933K, committed 90816K, reserved 1179648K
  class space    used 9178K, committed 10048K, reserved 1048576K
}
Event: 6258.437 GC heap after
{Heap after GC invocations=2319 (full 5):
 PSYoungGen      total 24064K, used 16359K [0x00000000d5580000, 0x00000000d8b00000, 0x0000000100000000)
  eden space 7680K, 0% used [0x00000000d5580000,0x00000000d5580000,0x00000000d5d00000)
  from space 16384K, 99% used [0x00000000d5d00000,0x00000000d6cf9e48,0x00000000d6d00000)
  to   space 23040K, 0% used [0x00000000d7480000,0x00000000d7480000,0x00000000d8b00000)
 ParOldGen       total 933888K, used 933597K [0x0000000080000000, 0x00000000b9000000, 0x00000000d5580000)
  object space 933888K, 99% used [0x0000000080000000,0x00000000b8fb7710,0x00000000b9000000)
 Metaspace       used 88933K, committed 90816K, reserved 1179648K
  class space    used 9178K, committed 10048K, reserved 1048576K
}
Event: 6260.004 GC heap before
{Heap before GC invocations=2320 (full 5):
 PSYoungGen      total 24064K, used 24039K [0x00000000d5580000, 0x00000000d8b00000, 0x0000000100000000)
  eden space 7680K, 100% used [0x00000000d5580000,0x00000000d5d00000,0x00000000d5d00000)
  from space 16384K, 99% used [0x00000000d5d00000,0x00000000d6cf9e48,0x00000000d6d00000)
  to   space 23040K, 0% used [0x00000000d7480000,0x00000000d7480000,0x00000000d8b00000)
 ParOldGen       total 997376K, used 995037K [0x0000000080000000, 0x00000000bce00000, 0x00000000d5580000)
  object space 997376K, 99% used [0x0000000080000000,0x00000000bcbb7770,0x00000000bce00000)
 Metaspace       used 88961K, committed 90816K, reserved 1179648K
  class space    used 9179K, committed 10048K, reserved 1048576K
}
Event: 6260.016 GC heap after
{Heap after GC invocations=2320 (full 5):
 PSYoungGen      total 13312K, used 4234K [0x00000000d5580000, 0x00000000d7900000, 0x0000000100000000)
  eden space 8704K, 0% used [0x00000000d5580000,0x00000000d5580000,0x00000000d5e00000)
  from space 4608K, 91% used [0x00000000d7480000,0x00000000d78a2950,0x00000000d7900000)
  to   space 10752K, 0% used [0x00000000d6400000,0x00000000d6400000,0x00000000d6e80000)
 ParOldGen       total 1004544K, used 1004389K [0x0000000080000000, 0x00000000bd500000, 0x00000000d5580000)
  object space 1004544K, 99% used [0x0000000080000000,0x00000000bd4d9730,0x00000000bd500000)
 Metaspace       used 88961K, committed 90816K, reserved 1179648K
  class space    used 9179K, committed 10048K, reserved 1048576K
}
Event: 6260.047 GC heap before
{Heap before GC invocations=2321 (full 5):
 PSYoungGen      total 13312K, used 12938K [0x00000000d5580000, 0x00000000d7900000, 0x0000000100000000)
  eden space 8704K, 99% used [0x00000000d5580000,0x00000000d5dffff0,0x00000000d5e00000)
  from space 4608K, 91% used [0x00000000d7480000,0x00000000d78a2950,0x00000000d7900000)
  to   space 10752K, 0% used [0x00000000d6400000,0x00000000d6400000,0x00000000d6e80000)
 ParOldGen       total 1004544K, used 1004389K [0x0000000080000000, 0x00000000bd500000, 0x00000000d5580000)
  object space 1004544K, 99% used [0x0000000080000000,0x00000000bd4d9730,0x00000000bd500000)
 Metaspace       used 88964K, committed 90816K, reserved 1179648K
  class space    used 9179K, committed 10048K, reserved 1048576K
}
Event: 6260.054 GC heap after
{Heap after GC invocations=2321 (full 5):
 PSYoungGen      total 19456K, used 4404K [0x00000000d5580000, 0x00000000d7500000, 0x0000000100000000)
  eden space 8704K, 0% used [0x00000000d5580000,0x00000000d5580000,0x00000000d5e00000)
  from space 10752K, 40% used [0x00000000d6400000,0x00000000d684d240,0x00000000d6e80000)
  to   space 5632K, 0% used [0x00000000d6f80000,0x00000000d6f80000,0x00000000d7500000)
 ParOldGen       total 1004544K, used 1004389K [0x0000000080000000, 0x00000000bd500000, 0x00000000d5580000)
  object space 1004544K, 99% used [0x0000000080000000,0x00000000bd4d9730,0x00000000bd500000)
 Metaspace       used 88964K, committed 90816K, reserved 1179648K
  class space    used 9179K, committed 10048K, reserved 1048576K
}

